0 info it worked if it ends with ok
1 verbose cli [ '/usr/local/nvm/versions/node/v10.14.2/bin/node',
1 verbose cli   '/usr/local/nvm/versions/node/v10.14.2/bin/npm',
1 verbose cli   'start' ]
2 info using npm@6.4.1
3 info using node@v10.14.2
4 verbose config Skipping project config: /home/yaleduffy/.npmrc. (matches userconfig)
5 verbose stack Error: ENOENT: no such file or directory, open '/home/yaleduffy/package.json'
6 verbose cwd /home/yaleduffy
7 verbose Linux 4.19.76+
8 verbose argv "/usr/local/nvm/versions/node/v10.14.2/bin/node" "/usr/local/nvm/versions/node/v10.14.2/bin/npm" "start"
9 verbose node v10.14.2
10 verbose npm  v6.4.1
11 error path /home/yaleduffy/package.json
12 error code ENOENT
13 error errno -2
14 error syscall open
15 error enoent ENOENT: no such file or directory, open '/home/yaleduffy/package.json'
16 error enoent This is related to npm not being able to find a file.
17 verbose exit [ -2, true ]
